Feb 04 2024 07:49:12
{"type":8192,"message":"Using ${var} in strings is deprecated, use {$var} instead","file":"C:\\xampp\\htdocs\\demo\\wp-content\\plugins\\simply-static\\src\\class-ss-query.php","line":397}

Feb 04 2024 07:49:13
{"type":8192,"message":"Using ${var} in strings is deprecated, use {$var} instead","file":"C:\\xampp\\htdocs\\demo\\wp-content\\plugins\\simply-static\\src\\class-ss-query.php","line":397}

Feb 04 2024 07:49:14
{"type":8192,"message":"Using ${var} in strings is deprecated, use {$var} instead","file":"C:\\xampp\\htdocs\\demo\\wp-content\\plugins\\simply-static\\src\\class-ss-query.php","line":397}

Feb 04 2024 07:49:14
{"type":8192,"message":"Using ${var} in strings is deprecated, use {$var} instead","file":"C:\\xampp\\htdocs\\demo\\wp-content\\plugins\\simply-static\\src\\class-ss-query.php","line":397}

Feb 04 2024 07:49:15
{"type":8192,"message":"Using ${var} in strings is deprecated, use {$var} instead","file":"C:\\xampp\\htdocs\\demo\\wp-content\\plugins\\simply-static\\src\\class-ss-query.php","line":397}

Feb 04 2024 07:49:16
{"type":8192,"message":"Using ${var} in strings is deprecated, use {$var} instead","file":"C:\\xampp\\htdocs\\demo\\wp-content\\plugins\\simply-static\\src\\class-ss-query.php","line":397}

Feb 04 2024 07:49:17
{"type":8192,"message":"Using ${var} in strings is deprecated, use {$var} instead","file":"C:\\xampp\\htdocs\\demo\\wp-content\\plugins\\simply-static\\src\\class-ss-query.php","line":397}

Feb 04 2024 07:49:17
{"type":8192,"message":"Using ${var} in strings is deprecated, use {$var} instead","file":"C:\\xampp\\htdocs\\demo\\wp-content\\plugins\\simply-static\\src\\class-ss-query.php","line":397}

Feb 04 2024 07:49:18
{"type":8192,"message":"Using ${var} in strings is deprecated, use {$var} instead","file":"C:\\xampp\\htdocs\\demo\\wp-content\\plugins\\simply-static\\src\\class-ss-query.php","line":397}

Feb 04 2024 07:49:19
{"type":8192,"message":"Using ${var} in strings is deprecated, use {$var} instead","file":"C:\\xampp\\htdocs\\demo\\wp-content\\plugins\\simply-static\\src\\class-ss-query.php","line":397}

Feb 04 2024 07:49:19
{"type":8192,"message":"Using ${var} in strings is deprecated, use {$var} instead","file":"C:\\xampp\\htdocs\\demo\\wp-content\\plugins\\simply-static\\src\\class-ss-query.php","line":397}

Feb 04 2024 07:49:20
{"type":8192,"message":"Using ${var} in strings is deprecated, use {$var} instead","file":"C:\\xampp\\htdocs\\demo\\wp-content\\plugins\\simply-static\\src\\class-ss-query.php","line":397}

Feb 04 2024 07:49:20
{"type":8192,"message":"Using ${var} in strings is deprecated, use {$var} instead","file":"C:\\xampp\\htdocs\\demo\\wp-content\\plugins\\simply-static\\src\\class-ss-query.php","line":397}

Feb 04 2024 07:49:21
{"type":8192,"message":"Using ${var} in strings is deprecated, use {$var} instead","file":"C:\\xampp\\htdocs\\demo\\wp-content\\plugins\\simply-static\\src\\class-ss-query.php","line":397}

Feb 04 2024 07:49:22
{"type":8192,"message":"Using ${var} in strings is deprecated, use {$var} instead","file":"C:\\xampp\\htdocs\\demo\\wp-content\\plugins\\simply-static\\src\\class-ss-query.php","line":397}

Feb 04 2024 07:49:22
{"type":8192,"message":"Using ${var} in strings is deprecated, use {$var} instead","file":"C:\\xampp\\htdocs\\demo\\wp-content\\plugins\\simply-static\\src\\class-ss-query.php","line":397}

Feb 04 2024 07:49:23
{"type":8192,"message":"Using ${var} in strings is deprecated, use {$var} instead","file":"C:\\xampp\\htdocs\\demo\\wp-content\\plugins\\simply-static\\src\\class-ss-query.php","line":397}

Feb 04 2024 07:49:23
{"type":8192,"message":"Using ${var} in strings is deprecated, use {$var} instead","file":"C:\\xampp\\htdocs\\demo\\wp-content\\plugins\\simply-static\\src\\class-ss-query.php","line":397}

Feb 04 2024 07:49:24
{"type":8192,"message":"Using ${var} in strings is deprecated, use {$var} instead","file":"C:\\xampp\\htdocs\\demo\\wp-content\\plugins\\simply-static\\src\\class-ss-query.php","line":397}

Feb 04 2024 07:49:25
{"type":8192,"message":"Using ${var} in strings is deprecated, use {$var} instead","file":"C:\\xampp\\htdocs\\demo\\wp-content\\plugins\\simply-static\\src\\class-ss-query.php","line":397}

Feb 04 2024 07:49:25
{"type":8192,"message":"Using ${var} in strings is deprecated, use {$var} instead","file":"C:\\xampp\\htdocs\\demo\\wp-content\\plugins\\simply-static\\src\\class-ss-query.php","line":397}

Feb 04 2024 07:49:26
{"type":8192,"message":"Using ${var} in strings is deprecated, use {$var} instead","file":"C:\\xampp\\htdocs\\demo\\wp-content\\plugins\\simply-static\\src\\class-ss-query.php","line":397}

Feb 04 2024 07:49:26
{"type":8192,"message":"Using ${var} in strings is deprecated, use {$var} instead","file":"C:\\xampp\\htdocs\\demo\\wp-content\\plugins\\simply-static\\src\\class-ss-query.php","line":397}

Feb 04 2024 07:49:27
{"type":8192,"message":"Using ${var} in strings is deprecated, use {$var} instead","file":"C:\\xampp\\htdocs\\demo\\wp-content\\plugins\\simply-static\\src\\class-ss-query.php","line":397}

Feb 04 2024 07:49:27
{"type":8192,"message":"Using ${var} in strings is deprecated, use {$var} instead","file":"C:\\xampp\\htdocs\\demo\\wp-content\\plugins\\simply-static\\src\\class-ss-query.php","line":397}

Feb 04 2024 07:49:28
{"type":8192,"message":"Using ${var} in strings is deprecated, use {$var} instead","file":"C:\\xampp\\htdocs\\demo\\wp-content\\plugins\\simply-static\\src\\class-ss-query.php","line":397}

Feb 04 2024 07:49:29
{"type":8192,"message":"Using ${var} in strings is deprecated, use {$var} instead","file":"C:\\xampp\\htdocs\\demo\\wp-content\\plugins\\simply-static\\src\\class-ss-query.php","line":397}

Feb 04 2024 07:49:29
{"type":8192,"message":"Using ${var} in strings is deprecated, use {$var} instead","file":"C:\\xampp\\htdocs\\demo\\wp-content\\plugins\\simply-static\\src\\class-ss-query.php","line":397}

Feb 04 2024 07:49:30
{"type":8192,"message":"Using ${var} in strings is deprecated, use {$var} instead","file":"C:\\xampp\\htdocs\\demo\\wp-content\\plugins\\simply-static\\src\\class-ss-query.php","line":397}

Feb 04 2024 07:49:30
{"type":8192,"message":"Using ${var} in strings is deprecated, use {$var} instead","file":"C:\\xampp\\htdocs\\demo\\wp-content\\plugins\\simply-static\\src\\class-ss-query.php","line":397}

Feb 04 2024 07:49:31
{"type":8192,"message":"Using ${var} in strings is deprecated, use {$var} instead","file":"C:\\xampp\\htdocs\\demo\\wp-content\\plugins\\simply-static\\src\\class-ss-query.php","line":397}

Feb 04 2024 07:49:32
{"type":8192,"message":"Using ${var} in strings is deprecated, use {$var} instead","file":"C:\\xampp\\htdocs\\demo\\wp-content\\plugins\\simply-static\\src\\class-ss-query.php","line":397}

Feb 04 2024 07:49:32
{"type":8192,"message":"Using ${var} in strings is deprecated, use {$var} instead","file":"C:\\xampp\\htdocs\\demo\\wp-content\\plugins\\simply-static\\src\\class-ss-query.php","line":397}

Feb 04 2024 07:49:33
{"type":8192,"message":"Using ${var} in strings is deprecated, use {$var} instead","file":"C:\\xampp\\htdocs\\demo\\wp-content\\plugins\\simply-static\\src\\class-ss-query.php","line":397}

Feb 04 2024 07:49:34
{"type":8192,"message":"Using ${var} in strings is deprecated, use {$var} instead","file":"C:\\xampp\\htdocs\\demo\\wp-content\\plugins\\simply-static\\src\\class-ss-query.php","line":397}

Feb 04 2024 07:49:34
{"type":8192,"message":"Using ${var} in strings is deprecated, use {$var} instead","file":"C:\\xampp\\htdocs\\demo\\wp-content\\plugins\\simply-static\\src\\class-ss-query.php","line":397}

Feb 04 2024 07:49:35
{"type":8192,"message":"Using ${var} in strings is deprecated, use {$var} instead","file":"C:\\xampp\\htdocs\\demo\\wp-content\\plugins\\simply-static\\src\\class-ss-query.php","line":397}

Feb 04 2024 07:49:36
{"type":8192,"message":"Using ${var} in strings is deprecated, use {$var} instead","file":"C:\\xampp\\htdocs\\demo\\wp-content\\plugins\\simply-static\\src\\class-ss-query.php","line":397}

Feb 04 2024 07:49:36
{"type":8192,"message":"Using ${var} in strings is deprecated, use {$var} instead","file":"C:\\xampp\\htdocs\\demo\\wp-content\\plugins\\simply-static\\src\\class-ss-query.php","line":397}

Feb 04 2024 07:49:37
{"type":8192,"message":"Using ${var} in strings is deprecated, use {$var} instead","file":"C:\\xampp\\htdocs\\demo\\wp-content\\plugins\\simply-static\\src\\class-ss-query.php","line":397}

Feb 04 2024 07:49:38
{"type":8192,"message":"Using ${var} in strings is deprecated, use {$var} instead","file":"C:\\xampp\\htdocs\\demo\\wp-content\\plugins\\simply-static\\src\\class-ss-query.php","line":397}

Feb 04 2024 07:49:38
{"type":8192,"message":"Using ${var} in strings is deprecated, use {$var} instead","file":"C:\\xampp\\htdocs\\demo\\wp-content\\plugins\\simply-static\\src\\class-ss-query.php","line":397}

Feb 04 2024 07:49:39
{"type":8192,"message":"Using ${var} in strings is deprecated, use {$var} instead","file":"C:\\xampp\\htdocs\\demo\\wp-content\\plugins\\simply-static\\src\\class-ss-query.php","line":397}

Feb 04 2024 07:49:40
{"type":8192,"message":"Using ${var} in strings is deprecated, use {$var} instead","file":"C:\\xampp\\htdocs\\demo\\wp-content\\plugins\\simply-static\\src\\class-ss-query.php","line":397}

Feb 04 2024 07:49:40
{"type":8192,"message":"Using ${var} in strings is deprecated, use {$var} instead","file":"C:\\xampp\\htdocs\\demo\\wp-content\\plugins\\simply-static\\src\\class-ss-query.php","line":397}

Feb 04 2024 07:49:41
{"type":8192,"message":"Using ${var} in strings is deprecated, use {$var} instead","file":"C:\\xampp\\htdocs\\demo\\wp-content\\plugins\\simply-static\\src\\class-ss-query.php","line":397}

Feb 04 2024 07:49:42
{"type":8192,"message":"Using ${var} in strings is deprecated, use {$var} instead","file":"C:\\xampp\\htdocs\\demo\\wp-content\\plugins\\simply-static\\src\\class-ss-query.php","line":397}

Feb 04 2024 07:49:42
{"type":8192,"message":"Using ${var} in strings is deprecated, use {$var} instead","file":"C:\\xampp\\htdocs\\demo\\wp-content\\plugins\\simply-static\\src\\class-ss-query.php","line":397}

Feb 04 2024 07:49:43
{"type":8192,"message":"Using ${var} in strings is deprecated, use {$var} instead","file":"C:\\xampp\\htdocs\\demo\\wp-content\\plugins\\simply-static\\src\\class-ss-query.php","line":397}

Feb 04 2024 07:49:44
{"type":8192,"message":"Using ${var} in strings is deprecated, use {$var} instead","file":"C:\\xampp\\htdocs\\demo\\wp-content\\plugins\\simply-static\\src\\class-ss-query.php","line":397}

Feb 04 2024 07:49:44
{"type":8192,"message":"Using ${var} in strings is deprecated, use {$var} instead","file":"C:\\xampp\\htdocs\\demo\\wp-content\\plugins\\simply-static\\src\\class-ss-query.php","line":397}

Feb 04 2024 07:49:45
{"type":8192,"message":"Using ${var} in strings is deprecated, use {$var} instead","file":"C:\\xampp\\htdocs\\demo\\wp-content\\plugins\\simply-static\\src\\class-ss-query.php","line":397}

Feb 04 2024 07:49:45
{"type":8192,"message":"Using ${var} in strings is deprecated, use {$var} instead","file":"C:\\xampp\\htdocs\\demo\\wp-content\\plugins\\simply-static\\src\\class-ss-query.php","line":397}

Feb 04 2024 07:49:46
{"type":8192,"message":"Using ${var} in strings is deprecated, use {$var} instead","file":"C:\\xampp\\htdocs\\demo\\wp-content\\plugins\\simply-static\\src\\class-ss-query.php","line":397}

Feb 04 2024 07:49:47
{"type":8192,"message":"Using ${var} in strings is deprecated, use {$var} instead","file":"C:\\xampp\\htdocs\\demo\\wp-content\\plugins\\simply-static\\src\\class-ss-query.php","line":397}

Feb 04 2024 07:49:48
{"type":8192,"message":"Using ${var} in strings is deprecated, use {$var} instead","file":"C:\\xampp\\htdocs\\demo\\wp-content\\plugins\\simply-static\\src\\class-ss-query.php","line":397}

Feb 04 2024 07:50:03
{"type":8192,"message":"Using ${var} in strings is deprecated, use {$var} instead","file":"C:\\xampp\\htdocs\\demo\\wp-content\\plugins\\simply-static\\src\\class-ss-query.php","line":397}

Feb 04 2024 07:53:08
{"type":8192,"message":"Using ${var} in strings is deprecated, use {$var} instead","file":"C:\\xampp\\htdocs\\demo\\wp-content\\plugins\\simply-static\\src\\class-ss-query.php","line":397}

Feb 04 2024 07:53:08
{"type":8192,"message":"Using ${var} in strings is deprecated, use {$var} instead","file":"C:\\xampp\\htdocs\\demo\\wp-content\\plugins\\simply-static\\src\\class-ss-query.php","line":397}

Feb 04 2024 07:53:09
{"type":8192,"message":"Using ${var} in strings is deprecated, use {$var} instead","file":"C:\\xampp\\htdocs\\demo\\wp-content\\plugins\\simply-static\\src\\class-ss-query.php","line":397}

Feb 04 2024 07:53:09
{"type":8192,"message":"Using ${var} in strings is deprecated, use {$var} instead","file":"C:\\xampp\\htdocs\\demo\\wp-content\\plugins\\simply-static\\src\\class-ss-query.php","line":397}

Feb 04 2024 07:53:10
{"type":8192,"message":"Using ${var} in strings is deprecated, use {$var} instead","file":"C:\\xampp\\htdocs\\demo\\wp-content\\plugins\\simply-static\\src\\class-ss-query.php","line":397}

Feb 04 2024 07:53:11
{"type":8192,"message":"Using ${var} in strings is deprecated, use {$var} instead","file":"C:\\xampp\\htdocs\\demo\\wp-content\\plugins\\simply-static\\src\\class-ss-query.php","line":397}

Feb 04 2024 07:53:11
{"type":8192,"message":"Using ${var} in strings is deprecated, use {$var} instead","file":"C:\\xampp\\htdocs\\demo\\wp-content\\plugins\\simply-static\\src\\class-ss-query.php","line":397}

Feb 04 2024 07:53:12
{"type":8192,"message":"Using ${var} in strings is deprecated, use {$var} instead","file":"C:\\xampp\\htdocs\\demo\\wp-content\\plugins\\simply-static\\src\\class-ss-query.php","line":397}

Feb 04 2024 07:53:12
{"type":8192,"message":"Using ${var} in strings is deprecated, use {$var} instead","file":"C:\\xampp\\htdocs\\demo\\wp-content\\plugins\\simply-static\\src\\class-ss-query.php","line":397}

Feb 04 2024 07:53:13
{"type":8192,"message":"Using ${var} in strings is deprecated, use {$var} instead","file":"C:\\xampp\\htdocs\\demo\\wp-content\\plugins\\simply-static\\src\\class-ss-query.php","line":397}

Feb 04 2024 07:53:14
{"type":8192,"message":"Using ${var} in strings is deprecated, use {$var} instead","file":"C:\\xampp\\htdocs\\demo\\wp-content\\plugins\\simply-static\\src\\class-ss-query.php","line":397}

Feb 04 2024 07:53:14
{"type":8192,"message":"Using ${var} in strings is deprecated, use {$var} instead","file":"C:\\xampp\\htdocs\\demo\\wp-content\\plugins\\simply-static\\src\\class-ss-query.php","line":397}

Feb 04 2024 07:53:15
{"type":8192,"message":"Using ${var} in strings is deprecated, use {$var} instead","file":"C:\\xampp\\htdocs\\demo\\wp-content\\plugins\\simply-static\\src\\class-ss-query.php","line":397}

Feb 04 2024 07:53:15
{"type":8192,"message":"Using ${var} in strings is deprecated, use {$var} instead","file":"C:\\xampp\\htdocs\\demo\\wp-content\\plugins\\simply-static\\src\\class-ss-query.php","line":397}

Feb 04 2024 07:53:16
{"type":8192,"message":"Using ${var} in strings is deprecated, use {$var} instead","file":"C:\\xampp\\htdocs\\demo\\wp-content\\plugins\\simply-static\\src\\class-ss-query.php","line":397}

Feb 04 2024 07:53:16
{"type":8192,"message":"Using ${var} in strings is deprecated, use {$var} instead","file":"C:\\xampp\\htdocs\\demo\\wp-content\\plugins\\simply-static\\src\\class-ss-query.php","line":397}

Feb 04 2024 07:53:17
{"type":8192,"message":"Using ${var} in strings is deprecated, use {$var} instead","file":"C:\\xampp\\htdocs\\demo\\wp-content\\plugins\\simply-static\\src\\class-ss-query.php","line":397}

Feb 04 2024 07:53:17
{"type":8192,"message":"Using ${var} in strings is deprecated, use {$var} instead","file":"C:\\xampp\\htdocs\\demo\\wp-content\\plugins\\simply-static\\src\\class-ss-query.php","line":397}

Feb 04 2024 07:53:18
{"type":8192,"message":"Using ${var} in strings is deprecated, use {$var} instead","file":"C:\\xampp\\htdocs\\demo\\wp-content\\plugins\\simply-static\\src\\class-ss-query.php","line":397}

Feb 04 2024 07:53:19
{"type":8192,"message":"Using ${var} in strings is deprecated, use {$var} instead","file":"C:\\xampp\\htdocs\\demo\\wp-content\\plugins\\simply-static\\src\\class-ss-query.php","line":397}

Feb 04 2024 07:53:19
{"type":8192,"message":"Using ${var} in strings is deprecated, use {$var} instead","file":"C:\\xampp\\htdocs\\demo\\wp-content\\plugins\\simply-static\\src\\class-ss-query.php","line":397}

Feb 04 2024 07:53:20
{"type":8192,"message":"Using ${var} in strings is deprecated, use {$var} instead","file":"C:\\xampp\\htdocs\\demo\\wp-content\\plugins\\simply-static\\src\\class-ss-query.php","line":397}

Feb 04 2024 07:53:20
{"type":8192,"message":"Using ${var} in strings is deprecated, use {$var} instead","file":"C:\\xampp\\htdocs\\demo\\wp-content\\plugins\\simply-static\\src\\class-ss-query.php","line":397}

Feb 04 2024 07:53:21
{"type":8192,"message":"Using ${var} in strings is deprecated, use {$var} instead","file":"C:\\xampp\\htdocs\\demo\\wp-content\\plugins\\simply-static\\src\\class-ss-query.php","line":397}

Feb 04 2024 07:53:21
{"type":8192,"message":"Using ${var} in strings is deprecated, use {$var} instead","file":"C:\\xampp\\htdocs\\demo\\wp-content\\plugins\\simply-static\\src\\class-ss-query.php","line":397}

Feb 04 2024 07:53:22
{"type":8192,"message":"Using ${var} in strings is deprecated, use {$var} instead","file":"C:\\xampp\\htdocs\\demo\\wp-content\\plugins\\simply-static\\src\\class-ss-query.php","line":397}

Feb 04 2024 07:53:22
{"type":8192,"message":"Using ${var} in strings is deprecated, use {$var} instead","file":"C:\\xampp\\htdocs\\demo\\wp-content\\plugins\\simply-static\\src\\class-ss-query.php","line":397}

Feb 04 2024 07:53:23
{"type":8192,"message":"Using ${var} in strings is deprecated, use {$var} instead","file":"C:\\xampp\\htdocs\\demo\\wp-content\\plugins\\simply-static\\src\\class-ss-query.php","line":397}

Feb 04 2024 07:53:23
{"type":8192,"message":"Using ${var} in strings is deprecated, use {$var} instead","file":"C:\\xampp\\htdocs\\demo\\wp-content\\plugins\\simply-static\\src\\class-ss-query.php","line":397}

Feb 04 2024 07:53:24
{"type":8192,"message":"Using ${var} in strings is deprecated, use {$var} instead","file":"C:\\xampp\\htdocs\\demo\\wp-content\\plugins\\simply-static\\src\\class-ss-query.php","line":397}

Feb 04 2024 07:53:24
{"type":8192,"message":"Using ${var} in strings is deprecated, use {$var} instead","file":"C:\\xampp\\htdocs\\demo\\wp-content\\plugins\\simply-static\\src\\class-ss-query.php","line":397}

Feb 04 2024 07:53:25
{"type":8192,"message":"Using ${var} in strings is deprecated, use {$var} instead","file":"C:\\xampp\\htdocs\\demo\\wp-content\\plugins\\simply-static\\src\\class-ss-query.php","line":397}

Feb 04 2024 07:53:26
{"type":8192,"message":"Using ${var} in strings is deprecated, use {$var} instead","file":"C:\\xampp\\htdocs\\demo\\wp-content\\plugins\\simply-static\\src\\class-ss-query.php","line":397}

Feb 04 2024 07:53:26
{"type":8192,"message":"Using ${var} in strings is deprecated, use {$var} instead","file":"C:\\xampp\\htdocs\\demo\\wp-content\\plugins\\simply-static\\src\\class-ss-query.php","line":397}

Feb 04 2024 07:53:27
{"type":8192,"message":"Using ${var} in strings is deprecated, use {$var} instead","file":"C:\\xampp\\htdocs\\demo\\wp-content\\plugins\\simply-static\\src\\class-ss-query.php","line":397}

Feb 04 2024 07:53:27
{"type":8192,"message":"Using ${var} in strings is deprecated, use {$var} instead","file":"C:\\xampp\\htdocs\\demo\\wp-content\\plugins\\simply-static\\src\\class-ss-query.php","line":397}

Feb 04 2024 07:53:28
{"type":8192,"message":"Using ${var} in strings is deprecated, use {$var} instead","file":"C:\\xampp\\htdocs\\demo\\wp-content\\plugins\\simply-static\\src\\class-ss-query.php","line":397}

Feb 04 2024 07:53:29
{"type":8192,"message":"Using ${var} in strings is deprecated, use {$var} instead","file":"C:\\xampp\\htdocs\\demo\\wp-content\\plugins\\simply-static\\src\\class-ss-query.php","line":397}

Feb 04 2024 07:53:29
{"type":8192,"message":"Using ${var} in strings is deprecated, use {$var} instead","file":"C:\\xampp\\htdocs\\demo\\wp-content\\plugins\\simply-static\\src\\class-ss-query.php","line":397}

Feb 04 2024 07:53:30
{"type":8192,"message":"Using ${var} in strings is deprecated, use {$var} instead","file":"C:\\xampp\\htdocs\\demo\\wp-content\\plugins\\simply-static\\src\\class-ss-query.php","line":397}

Feb 04 2024 07:53:30
{"type":8192,"message":"Using ${var} in strings is deprecated, use {$var} instead","file":"C:\\xampp\\htdocs\\demo\\wp-content\\plugins\\simply-static\\src\\class-ss-query.php","line":397}

Feb 04 2024 07:53:31
{"type":8192,"message":"Using ${var} in strings is deprecated, use {$var} instead","file":"C:\\xampp\\htdocs\\demo\\wp-content\\plugins\\simply-static\\src\\class-ss-query.php","line":397}

Feb 04 2024 07:53:31
{"type":8192,"message":"Using ${var} in strings is deprecated, use {$var} instead","file":"C:\\xampp\\htdocs\\demo\\wp-content\\plugins\\simply-static\\src\\class-ss-query.php","line":397}

Feb 04 2024 07:53:32
{"type":8192,"message":"Using ${var} in strings is deprecated, use {$var} instead","file":"C:\\xampp\\htdocs\\demo\\wp-content\\plugins\\simply-static\\src\\class-ss-query.php","line":397}

Feb 04 2024 07:53:32
{"type":8192,"message":"Using ${var} in strings is deprecated, use {$var} instead","file":"C:\\xampp\\htdocs\\demo\\wp-content\\plugins\\simply-static\\src\\class-ss-query.php","line":397}

Feb 04 2024 07:53:33
{"type":8192,"message":"Using ${var} in strings is deprecated, use {$var} instead","file":"C:\\xampp\\htdocs\\demo\\wp-content\\plugins\\simply-static\\src\\class-ss-query.php","line":397}

Feb 04 2024 07:53:33
{"type":8192,"message":"Using ${var} in strings is deprecated, use {$var} instead","file":"C:\\xampp\\htdocs\\demo\\wp-content\\plugins\\simply-static\\src\\class-ss-query.php","line":397}

Feb 04 2024 07:53:34
{"type":8192,"message":"Using ${var} in strings is deprecated, use {$var} instead","file":"C:\\xampp\\htdocs\\demo\\wp-content\\plugins\\simply-static\\src\\class-ss-query.php","line":397}

Feb 04 2024 07:53:35
{"type":8192,"message":"Using ${var} in strings is deprecated, use {$var} instead","file":"C:\\xampp\\htdocs\\demo\\wp-content\\plugins\\simply-static\\src\\class-ss-query.php","line":397}

Feb 04 2024 07:53:35
{"type":8192,"message":"Using ${var} in strings is deprecated, use {$var} instead","file":"C:\\xampp\\htdocs\\demo\\wp-content\\plugins\\simply-static\\src\\class-ss-query.php","line":397}

Feb 04 2024 07:53:36
{"type":8192,"message":"Using ${var} in strings is deprecated, use {$var} instead","file":"C:\\xampp\\htdocs\\demo\\wp-content\\plugins\\simply-static\\src\\class-ss-query.php","line":397}

Feb 04 2024 07:53:36
{"type":8192,"message":"Using ${var} in strings is deprecated, use {$var} instead","file":"C:\\xampp\\htdocs\\demo\\wp-content\\plugins\\simply-static\\src\\class-ss-query.php","line":397}

Feb 04 2024 07:53:37
{"type":8192,"message":"Using ${var} in strings is deprecated, use {$var} instead","file":"C:\\xampp\\htdocs\\demo\\wp-content\\plugins\\simply-static\\src\\class-ss-query.php","line":397}

Feb 04 2024 07:53:37
{"type":8192,"message":"Using ${var} in strings is deprecated, use {$var} instead","file":"C:\\xampp\\htdocs\\demo\\wp-content\\plugins\\simply-static\\src\\class-ss-query.php","line":397}

Feb 04 2024 07:53:38
{"type":8192,"message":"Using ${var} in strings is deprecated, use {$var} instead","file":"C:\\xampp\\htdocs\\demo\\wp-content\\plugins\\simply-static\\src\\class-ss-query.php","line":397}

Feb 04 2024 07:53:39
{"type":8192,"message":"Using ${var} in strings is deprecated, use {$var} instead","file":"C:\\xampp\\htdocs\\demo\\wp-content\\plugins\\simply-static\\src\\class-ss-query.php","line":397}

Feb 04 2024 07:53:39
{"type":8192,"message":"Using ${var} in strings is deprecated, use {$var} instead","file":"C:\\xampp\\htdocs\\demo\\wp-content\\plugins\\simply-static\\src\\class-ss-query.php","line":397}

Feb 04 2024 07:53:45
{"type":8192,"message":"Using ${var} in strings is deprecated, use {$var} instead","file":"C:\\xampp\\htdocs\\demo\\wp-content\\plugins\\simply-static\\src\\class-ss-query.php","line":397}

Feb 04 2024 07:53:46
{"type":8192,"message":"Using ${var} in strings is deprecated, use {$var} instead","file":"C:\\xampp\\htdocs\\demo\\wp-content\\plugins\\simply-static\\src\\class-ss-query.php","line":397}

Feb 04 2024 07:53:56
{"type":8192,"message":"Using ${var} in strings is deprecated, use {$var} instead","file":"C:\\xampp\\htdocs\\demo\\wp-content\\plugins\\simply-static\\src\\class-ss-query.php","line":397}

Feb 04 2024 07:54:07
{"type":8192,"message":"Using ${var} in strings is deprecated, use {$var} instead","file":"C:\\xampp\\htdocs\\demo\\wp-content\\plugins\\simply-static\\src\\class-ss-query.php","line":397}

Feb 04 2024 07:54:17
{"type":8192,"message":"Using ${var} in strings is deprecated, use {$var} instead","file":"C:\\xampp\\htdocs\\demo\\wp-content\\plugins\\simply-static\\src\\class-ss-query.php","line":397}

Feb 04 2024 07:54:28
{"type":8192,"message":"Using ${var} in strings is deprecated, use {$var} instead","file":"C:\\xampp\\htdocs\\demo\\wp-content\\plugins\\simply-static\\src\\class-ss-query.php","line":397}

Feb 04 2024 07:54:38
{"type":8192,"message":"Using ${var} in strings is deprecated, use {$var} instead","file":"C:\\xampp\\htdocs\\demo\\wp-content\\plugins\\simply-static\\src\\class-ss-query.php","line":397}

Feb 04 2024 07:54:44
{"type":8192,"message":"Using ${var} in strings is deprecated, use {$var} instead","file":"C:\\xampp\\htdocs\\demo\\wp-content\\plugins\\simply-static\\src\\class-ss-query.php","line":397}

Feb 04 2024 07:54:45
{"type":8192,"message":"Using ${var} in strings is deprecated, use {$var} instead","file":"C:\\xampp\\htdocs\\demo\\wp-content\\plugins\\simply-static\\src\\class-ss-query.php","line":397}

Feb 04 2024 07:54:45
{"Number":8192,"Message":"Creation of dynamic property Ai1wm_Database_Mysqli::$old_replace_raw_values is deprecated","File":"C:\\xampp\\htdocs\\demo\\wp-content\\plugins\\all-in-one-wp-migration\\lib\\vendor\\servmask\\database\\class-ai1wm-database.php","Line":300}

Feb 04 2024 07:54:45
{"Number":8192,"Message":"Creation of dynamic property Ai1wm_Database_Mysqli::$new_replace_raw_values is deprecated","File":"C:\\xampp\\htdocs\\demo\\wp-content\\plugins\\all-in-one-wp-migration\\lib\\vendor\\servmask\\database\\class-ai1wm-database.php","Line":321}

Feb 04 2024 07:54:49
{"type":8192,"message":"Using ${var} in strings is deprecated, use {$var} instead","file":"C:\\xampp\\htdocs\\demo\\wp-content\\plugins\\simply-static\\src\\class-ss-query.php","line":397}

Feb 04 2024 07:54:49
{"type":8192,"message":"Return type of Ai1wm_Recursive_Newline_Filter::accept() should either be compatible with FilterIterator::accept(): bool, or the #[\\ReturnTypeWillChange] attribute should be used to temporarily suppress the notice","file":"C:\\xampp\\htdocs\\demo\\wp-content\\plugins\\all-in-one-wp-migration\\lib\\vendor\\servmask\\filter\\class-ai1wm-recursive-newline-filter.php","line":28}

Feb 04 2024 07:54:52
{"type":8192,"message":"Creation of dynamic property WF_Licensing::$plugin_page is deprecated","file":"C:\\xampp\\htdocs\\demo\\wp-content\\plugins\\wp-reset\\wp-reset-licensing.php","line":40}

